TN:
SF:src\app\app.component.ts
FNF:0
FNH:0
DA:11,1
LF:1
LH:1
BRF:0
BRH:0
end_of_record
TN:
SF:src\components\pages\contract\contract.component.ts
FN:50,(anonymous_0)
FN:80,(anonymous_1)
FN:85,(anonymous_2)
FN:89,(anonymous_3)
FN:95,(anonymous_4)
FN:99,(anonymous_5)
FN:120,(anonymous_6)
FN:125,(anonymous_7)
FN:134,(anonymous_8)
FN:138,(anonymous_9)
FN:162,(anonymous_10)
FN:173,(anonymous_11)
FN:184,(anonymous_12)
FN:192,(anonymous_13)
FN:202,(anonymous_14)
FN:206,(anonymous_15)
FN:219,(anonymous_16)
FN:224,dateRangeValidator
FN:225,(anonymous_19)
FN:234,startBeforeEndValidator
FN:235,(anonymous_21)
FN:242,plateValidator
FN:243,(anonymous_23)
FNF:23
FNH:20
FNDA:7,(anonymous_0)
FNDA:7,(anonymous_1)
FNDA:7,(anonymous_2)
FNDA:7,(anonymous_3)
FNDA:7,(anonymous_4)
FNDA:8,(anonymous_5)
FNDA:1,(anonymous_6)
FNDA:0,(anonymous_7)
FNDA:14,(anonymous_8)
FNDA:1,(anonymous_9)
FNDA:0,(anonymous_10)
FNDA:0,(anonymous_11)
FNDA:1,(anonymous_12)
FNDA:1,(anonymous_13)
FNDA:1,(anonymous_14)
FNDA:1,(anonymous_15)
FNDA:1,(anonymous_16)
FNDA:14,dateRangeValidator
FNDA:48,(anonymous_19)
FNDA:7,startBeforeEndValidator
FNDA:46,(anonymous_21)
FNDA:7,plateValidator
FNDA:8,(anonymous_23)
DA:30,1
DA:31,7
DA:32,7
DA:33,7
DA:41,7
DA:42,7
DA:44,7
DA:45,7
DA:46,7
DA:47,7
DA:48,7
DA:50,7
DA:51,7
DA:58,7
DA:66,7
DA:74,7
DA:81,7
DA:82,0
DA:83,0
DA:85,7
DA:86,7
DA:88,7
DA:89,7
DA:90,7
DA:92,7
DA:96,7
DA:100,8
DA:102,8
DA:104,8
DA:105,8
DA:107,8
DA:108,8
DA:109,4
DA:110,2
DA:112,8
DA:113,8
DA:114,2
DA:115,1
DA:117,8
DA:121,1
DA:122,1
DA:126,0
DA:127,0
DA:128,0
DA:129,0
DA:130,0
DA:131,0
DA:135,14
DA:140,1
DA:142,0
DA:143,0
DA:145,0
DA:146,0
DA:148,1
DA:149,1
DA:151,1
DA:163,0
DA:174,0
DA:185,1
DA:193,1
DA:194,1
DA:195,1
DA:196,1
DA:197,1
DA:198,1
DA:203,1
DA:204,1
DA:205,1
DA:206,1
DA:207,1
DA:208,1
DA:212,1
DA:215,1
DA:220,1
DA:225,14
DA:226,48
DA:227,6
DA:228,6
DA:229,6
DA:230,6
DA:235,7
DA:236,46
DA:237,46
DA:238,46
DA:243,7
DA:244,8
DA:245,8
DA:246,1
DA:247,1
DA:248,1
LF:90
LH:76
BRDA:81,0,0,0
BRDA:86,1,0,7
BRDA:100,2,0,6
BRDA:100,2,1,2
BRDA:102,3,0,6
BRDA:102,3,1,2
BRDA:105,4,0,3
BRDA:108,5,0,4
BRDA:108,5,1,4
BRDA:109,6,0,2
BRDA:109,6,1,2
BRDA:113,7,0,6
BRDA:113,7,1,2
BRDA:114,8,0,1
BRDA:114,8,1,1
BRDA:121,9,0,1
BRDA:121,9,1,0
BRDA:140,10,0,0
BRDA:140,10,1,0
BRDA:140,10,2,1
BRDA:195,11,0,1
BRDA:195,12,0,1
BRDA:195,12,1,1
BRDA:195,12,2,1
BRDA:195,12,3,1
BRDA:205,13,0,1
BRDA:205,14,0,1
BRDA:205,14,1,1
BRDA:205,14,2,1
BRDA:205,14,3,1
BRDA:205,14,4,1
BRDA:207,15,0,1
BRDA:226,16,0,42
BRDA:230,17,0,2
BRDA:230,17,1,4
BRDA:230,18,0,6
BRDA:230,18,1,4
BRDA:238,19,0,1
BRDA:238,19,1,45
BRDA:238,20,0,46
BRDA:238,20,1,4
BRDA:238,20,2,3
BRDA:245,21,0,7
BRDA:248,22,0,1
BRDA:248,22,1,0
BRDA:248,23,0,1
BRDA:248,23,1,0
BRF:47
BRH:41
end_of_record
TN:
SF:src\components\pages\dashboard\NxIdNumberValidator.ts
FN:2,(anonymous_0)
FN:10,(anonymous_1)
FN:18,(anonymous_2)
FN:38,(anonymous_3)
FNF:4
FNH:2
FNDA:0,(anonymous_0)
FNDA:9,(anonymous_1)
FNDA:9,(anonymous_2)
FNDA:0,(anonymous_3)
DA:3,0
DA:4,0
DA:5,0
DA:7,0
DA:11,9
DA:12,9
DA:13,0
DA:15,9
DA:19,9
DA:20,9
DA:21,9
DA:23,9
DA:24,0
DA:27,9
DA:32,9
DA:33,9
DA:35,9
DA:39,0
DA:40,0
DA:43,0
DA:44,0
DA:45,0
DA:46,0
DA:48,0
DA:49,0
DA:52,0
DA:53,0
DA:54,0
DA:55,0
DA:56,0
DA:58,0
DA:59,0
DA:60,0
DA:61,0
DA:64,0
DA:67,0
DA:69,0
DA:70,0
DA:72,0
DA:73,0
DA:75,0
LF:41
LH:11
BRDA:4,0,0,0
BRDA:12,1,0,0
BRDA:23,2,0,0
BRDA:39,3,0,0
BRDA:39,4,0,0
BRDA:39,4,1,0
BRDA:48,5,0,0
BRDA:55,6,0,0
BRDA:58,7,0,0
BRDA:60,8,0,0
BRDA:67,9,0,0
BRDA:67,9,1,0
BRDA:69,10,0,0
BRDA:72,11,0,0
BRDA:75,12,0,0
BRDA:75,12,1,0
BRF:16
BRH:0
end_of_record
TN:
SF:src\components\pages\dashboard\dashboard.component.ts
FN:37,(anonymous_0)
FN:46,(anonymous_1)
FN:51,(anonymous_2)
FN:55,(anonymous_3)
FN:63,(anonymous_4)
FN:70,(anonymous_5)
FN:75,(anonymous_6)
FN:77,(anonymous_7)
FN:78,(anonymous_8)
FN:86,(anonymous_9)
FN:95,(anonymous_10)
FN:98,(anonymous_11)
FN:102,(anonymous_12)
FN:116,(anonymous_13)
FN:120,(anonymous_14)
FN:131,(anonymous_15)
FN:134,(anonymous_16)
FN:143,(anonymous_17)
FN:149,(anonymous_18)
FN:153,(anonymous_19)
FN:165,(anonymous_20)
FN:172,(anonymous_21)
FN:176,(anonymous_22)
FN:188,(anonymous_23)
FN:191,(anonymous_24)
FN:204,dniValidator
FN:205,(anonymous_27)
FNF:27
FNH:22
FNDA:10,(anonymous_0)
FNDA:10,(anonymous_1)
FNDA:10,(anonymous_2)
FNDA:5,(anonymous_3)
FNDA:24,(anonymous_4)
FNDA:3,(anonymous_5)
FNDA:8,(anonymous_6)
FNDA:8,(anonymous_7)
FNDA:8,(anonymous_8)
FNDA:4,(anonymous_9)
FNDA:2,(anonymous_10)
FNDA:2,(anonymous_11)
FNDA:0,(anonymous_12)
FNDA:0,(anonymous_13)
FNDA:1,(anonymous_14)
FNDA:0,(anonymous_15)
FNDA:0,(anonymous_16)
FNDA:420,(anonymous_17)
FNDA:2,(anonymous_18)
FNDA:2,(anonymous_19)
FNDA:0,(anonymous_20)
FNDA:2,(anonymous_21)
FNDA:2,(anonymous_22)
FNDA:2,(anonymous_23)
FNDA:2,(anonymous_24)
FNDA:10,dniValidator
FNDA:42,(anonymous_27)
DA:26,1
DA:27,10
DA:29,10
DA:31,10
DA:32,10
DA:33,10
DA:34,10
DA:35,10
DA:37,10
DA:38,10
DA:47,10
DA:48,10
DA:52,10
DA:56,5
DA:57,5
DA:58,5
DA:59,5
DA:60,5
DA:64,24
DA:65,24
DA:66,0
DA:67,0
DA:71,3
DA:72,3
DA:76,8
DA:77,8
DA:78,8
DA:79,8
DA:83,0
DA:87,4
DA:96,2
DA:97,2
DA:98,2
DA:99,2
DA:100,1
DA:103,0
DA:104,0
DA:108,0
DA:110,1
DA:112,2
DA:117,0
DA:121,1
DA:122,1
DA:128,1
DA:132,0
DA:133,0
DA:134,0
DA:135,0
DA:136,0
DA:138,0
DA:140,0
DA:144,420
DA:150,2
DA:151,2
DA:152,2
DA:153,2
DA:154,2
DA:155,1
DA:156,1
DA:157,1
DA:159,1
DA:161,2
DA:166,0
DA:167,0
DA:168,0
DA:169,0
DA:173,2
DA:174,2
DA:175,2
DA:176,2
DA:177,2
DA:178,1
DA:179,1
DA:180,1
DA:182,1
DA:184,2
DA:189,2
DA:190,2
DA:191,2
DA:192,2
DA:193,1
DA:194,1
DA:195,1
DA:197,1
DA:199,2
DA:205,10
DA:206,42
DA:207,42
DA:208,9
DA:211,9
LF:90
LH:72
BRDA:65,0,0,24
BRDA:66,1,0,0
BRDA:76,2,0,8
BRDA:76,2,1,0
BRDA:97,3,0,2
BRDA:99,4,0,1
BRDA:99,4,1,1
BRDA:99,5,0,2
BRDA:99,5,1,1
BRDA:103,6,0,0
BRDA:103,6,1,0
BRDA:133,7,0,0
BRDA:133,7,1,0
BRDA:135,8,0,0
BRDA:135,8,1,0
BRDA:135,9,0,0
BRDA:135,9,1,0
BRDA:151,10,0,2
BRDA:151,11,0,2
BRDA:151,11,1,2
BRDA:154,12,0,1
BRDA:154,12,1,1
BRDA:174,13,0,2
BRDA:174,14,0,2
BRDA:174,14,1,2
BRDA:177,15,0,1
BRDA:177,15,1,1
BRDA:182,16,0,1
BRDA:190,17,0,2
BRDA:190,18,0,2
BRDA:190,18,1,2
BRDA:192,19,0,1
BRDA:192,19,1,1
BRDA:197,20,0,1
BRDA:207,21,0,33
BRDA:208,22,0,9
BRDA:208,22,1,0
BRDA:208,22,2,0
BRDA:211,23,0,9
BRDA:211,23,1,0
BRF:40
BRH:27
end_of_record
TN:
SF:src\components\pages\payment\payment.component.ts
FN:18,(anonymous_0)
FN:20,(anonymous_1)
FN:21,(anonymous_2)
FN:27,(anonymous_3)
FN:31,(anonymous_4)
FNF:5
FNH:4
FNDA:1,(anonymous_0)
FNDA:1,(anonymous_1)
FNDA:1,(anonymous_2)
FNDA:1,(anonymous_3)
FNDA:0,(anonymous_4)
DA:14,1
DA:15,1
DA:18,1
DA:21,1
DA:22,1
DA:24,1
DA:28,1
DA:32,0
DA:35,0
LF:9
LH:7
BRF:0
BRH:0
end_of_record
TN:
SF:src\components\personlist\personlist.component.ts
FN:24,(anonymous_0)
FN:26,(anonymous_1)
FN:27,(anonymous_2)
FN:33,(anonymous_3)
FN:37,(anonymous_4)
FN:41,(anonymous_5)
FN:47,(anonymous_6)
FN:59,(anonymous_7)
FN:64,compare
FNF:9
FNH:9
FNDA:5,(anonymous_0)
FNDA:5,(anonymous_1)
FNDA:5,(anonymous_2)
FNDA:5,(anonymous_3)
FNDA:1,(anonymous_4)
FNDA:2,(anonymous_5)
FNDA:5,(anonymous_6)
FNDA:1,(anonymous_7)
FNDA:5,compare
DA:18,1
DA:19,5
DA:20,5
DA:21,5
DA:22,5
DA:24,5
DA:27,5
DA:28,5
DA:30,5
DA:34,5
DA:38,1
DA:42,2
DA:43,2
DA:44,0
DA:45,0
DA:47,2
DA:48,5
DA:49,5
DA:50,0
DA:51,2
DA:52,0
DA:53,3
DA:54,0
DA:60,1
DA:65,5
LF:25
LH:20
BRDA:43,0,0,0
BRDA:43,1,0,2
BRDA:43,1,1,2
BRDA:49,2,0,0
BRDA:49,2,1,2
BRDA:49,2,2,0
BRDA:49,2,3,3
BRDA:49,2,4,0
BRDA:65,3,0,2
BRDA:65,3,1,3
BRDA:65,4,0,2
BRDA:65,4,1,3
BRF:12
BRH:8
end_of_record
TN:
SF:src\components\pricesbox\pricesbox.component.ts
FN:17,(anonymous_0)
FN:19,(anonymous_1)
FN:20,(anonymous_2)
FN:26,(anonymous_3)
FNF:4
FNH:4
FNDA:1,(anonymous_0)
FNDA:1,(anonymous_1)
FNDA:1,(anonymous_2)
FNDA:1,(anonymous_3)
DA:13,1
DA:14,1
DA:15,1
DA:17,1
DA:20,1
DA:21,1
DA:23,1
DA:27,1
LF:8
LH:8
BRF:0
BRH:0
end_of_record
TN:
SF:src\model\enum.ts
FN:1,(anonymous_0)
FN:11,(anonymous_1)
FN:17,(anonymous_2)
FNF:3
FNH:3
FNDA:1,(anonymous_0)
FNDA:1,(anonymous_1)
FNDA:1,(anonymous_2)
DA:1,1
DA:2,1
DA:3,1
DA:4,1
DA:5,1
DA:6,1
DA:7,1
DA:8,1
DA:11,1
DA:12,1
DA:13,1
DA:14,1
DA:17,1
DA:18,1
DA:19,1
DA:20,1
LF:16
LH:16
BRDA:1,0,0,1
BRDA:1,0,1,1
BRDA:11,1,0,1
BRDA:11,1,1,1
BRDA:17,2,0,1
BRDA:17,2,1,1
BRF:6
BRH:6
end_of_record
TN:
SF:src\services\api.service.ts
FN:8,(anonymous_0)
FN:12,(anonymous_1)
FN:16,(anonymous_2)
FN:20,(anonymous_3)
FN:24,(anonymous_4)
FNF:5
FNH:1
FNDA:8,(anonymous_0)
FNDA:0,(anonymous_1)
FNDA:0,(anonymous_2)
FNDA:0,(anonymous_3)
FNDA:0,(anonymous_4)
DA:6,1
DA:8,8
DA:10,8
DA:13,0
DA:17,0
DA:21,0
DA:25,0
LF:7
LH:3
BRF:0
BRH:0
end_of_record
TN:
SF:src\services\contract.service.ts
FN:14,(anonymous_0)
FN:16,(anonymous_1)
FN:20,(anonymous_2)
FN:29,(anonymous_3)
FN:30,(anonymous_4)
FN:49,(anonymous_5)
FN:53,(anonymous_6)
FN:57,(anonymous_7)
FNF:8
FNH:3
FNDA:1,(anonymous_0)
FNDA:1,(anonymous_1)
FNDA:0,(anonymous_2)
FNDA:0,(anonymous_3)
FNDA:0,(anonymous_4)
FNDA:1,(anonymous_5)
FNDA:0,(anonymous_6)
FNDA:0,(anonymous_7)
DA:9,1
DA:10,1
DA:11,1
DA:14,1
DA:17,1
DA:21,0
DA:22,0
DA:23,0
DA:24,0
DA:26,0
DA:30,0
DA:31,0
DA:32,0
DA:33,0
DA:36,0
DA:50,1
DA:54,0
DA:58,0
LF:18
LH:6
BRDA:21,0,0,0
BRDA:31,1,0,0
BRF:2
BRH:0
end_of_record
TN:
SF:src\services\login.service.ts
FN:9,(anonymous_0)
FN:13,(anonymous_1)
FNF:2
FNH:0
FNDA:0,(anonymous_0)
FNDA:0,(anonymous_1)
DA:5,1
DA:7,0
DA:10,0
DA:14,0
LF:4
LH:1
BRF:0
BRH:0
end_of_record
TN:
SF:src\services\navigator.service.ts
FN:7,(anonymous_0)
FN:9,(anonymous_1)
FNF:2
FNH:1
FNDA:1,(anonymous_0)
FNDA:0,(anonymous_1)
DA:5,1
DA:7,1
DA:10,0
LF:3
LH:2
BRF:0
BRH:0
end_of_record
TN:
SF:src\services\person.service.ts
FN:13,(anonymous_0)
FN:15,(anonymous_1)
FN:19,(anonymous_2)
FN:23,(anonymous_3)
FN:24,(anonymous_4)
FN:30,(anonymous_5)
FN:31,(anonymous_6)
FN:37,(anonymous_7)
FN:41,(anonymous_8)
FN:45,(anonymous_9)
FN:49,(anonymous_10)
FNF:11
FNH:3
FNDA:7,(anonymous_0)
FNDA:7,(anonymous_1)
FNDA:0,(anonymous_2)
FNDA:0,(anonymous_3)
FNDA:0,(anonymous_4)
FNDA:57,(anonymous_5)
FNDA:0,(anonymous_6)
FNDA:0,(anonymous_7)
FNDA:0,(anonymous_8)
FNDA:0,(anonymous_9)
FNDA:0,(anonymous_10)
DA:9,1
DA:10,7
DA:11,7
DA:13,7
DA:16,7
DA:20,0
DA:24,0
DA:25,0
DA:27,0
DA:31,57
DA:32,0
DA:33,0
DA:38,0
DA:42,0
DA:46,0
DA:50,0
LF:16
LH:6
BRDA:32,0,0,0
BRF:1
BRH:0
end_of_record
TN:
SF:src\shared\mocks.ts
FN:16,setDefaultPersonServiceMockValues
FN:29,setDefaultContractServiceMockValues
FN:37,setDefaultLoginServiceMockValues
FNF:3
FNH:3
FNDA:15,setDefaultPersonServiceMockValues
FNDA:7,setDefaultContractServiceMockValues
FNDA:17,setDefaultLoginServiceMockValues
DA:5,1
DA:8,1
DA:14,1
DA:17,15
DA:18,15
DA:19,15
DA:20,15
DA:21,15
DA:25,1
DA:27,1
DA:30,7
DA:31,7
DA:35,1
DA:38,17
DA:42,1
LF:15
LH:15
BRF:0
BRH:0
end_of_record
